[debug] [2019-11-22T15:28:18.121Z] ----------------------------------------------------------------------
[debug] [2019-11-22T15:28:18.123Z] Command:       /usr/bin/node /home/atomicbomber/.config/yarn/global/node_modules/.bin/firebase serve
[debug] [2019-11-22T15:28:18.123Z] CLI Version:   7.8.1
[debug] [2019-11-22T15:28:18.123Z] Platform:      linux
[debug] [2019-11-22T15:28:18.123Z] Node Version:  v11.15.0
[debug] [2019-11-22T15:28:18.123Z] Time:          Fri Nov 22 2019 22:28:18 GMT+0700 (Western Indonesia Time)
[debug] [2019-11-22T15:28:18.123Z] ----------------------------------------------------------------------
[debug] [2019-11-22T15:28:18.123Z] 
[debug] [2019-11-22T15:28:18.127Z] > command requires scopes: ["email","openid","https://www.googleapis.com/auth/cloudplatformprojects.readonly","https://www.googleapis.com/auth/firebase","https://www.googleapis.com/auth/cloud-platform"]
[debug] [2019-11-22T15:28:18.127Z] > authorizing via signed-in user
[debug] [2019-11-22T15:28:18.127Z] [iam] checking project pomodoro-f7e3a for permissions ["firebase.projects.get"]
[debug] [2019-11-22T15:28:18.128Z] >>> HTTP REQUEST POST https://cloudresourcemanager.googleapis.com/v1/projects/pomodoro-f7e3a:testIamPermissions  

[debug] [2019-11-22T15:28:24.331Z] <<< HTTP RESPONSE 200
[debug] [2019-11-22T15:28:24.335Z] >>> HTTP REQUEST GET https://firebase.googleapis.com/v1beta1/projects/pomodoro-f7e3a  
 
[debug] [2019-11-22T15:28:24.962Z] <<< HTTP RESPONSE 200
[info] 
[info] === Serving from '/home/atomicbomber/experiment/pwa-experiment'...
[info] 
[debug] [2019-11-22T15:28:24.969Z] >>> HTTP REQUEST GET https://firebase.googleapis.com/v1beta1/projects/pomodoro-f7e3a/webApps/-/config  
 
[warn] ⚠  Your requested "node" version "8" doesn't match your global version "11"
[info] ✔  functions: Emulator started at http://localhost:5001
[debug] [2019-11-22T15:28:25.888Z] <<< HTTP RESPONSE 200
[info] i  functions: Watching "/home/atomicbomber/experiment/pwa-experiment/functions" for Cloud Functions...
[debug] [2019-11-22T15:28:25.930Z] [worker-~diagnostic~-6b314ad2-d210-4a08-bef2-45d5fb9e7ebe]: Assigning socketPath: /tmp/fire_emu_3486.sock
[debug] [2019-11-22T15:28:25.930Z] [worker-~diagnostic~-6b314ad2-d210-4a08-bef2-45d5fb9e7ebe]: BUSY
[info] i  hosting: Serving hosting files from: public
[info] ✔  hosting: Local server: http://localhost:5000
[debug] [2019-11-22T15:28:26.089Z] [runtime-status] [3486] Functions runtime initialized. {"cwd":"/home/atomicbomber/experiment/pwa-experiment/functions","node_version":"11.15.0"}
[debug] [2019-11-22T15:28:26.090Z] [runtime-status] [3486] Disabled runtime features: {"functions_config_helper":true,"network_filtering":true,"timeout":true,"memory_limiting":true,"admin_stubs":true,"pubsub_emulator":true}
[debug] [2019-11-22T15:28:26.091Z] [runtime-status] [3486] Resolved module firebase-admin {"declared":true,"installed":true,"version":"8.8.0","resolution":"/home/atomicbomber/experiment/pwa-experiment/functions/node_modules/firebase-admin/lib/index.js"}
[debug] [2019-11-22T15:28:26.091Z] [runtime-status] [3486] Resolved module firebase-functions {"declared":true,"installed":true,"version":"3.3.0","resolution":"/home/atomicbomber/experiment/pwa-experiment/functions/node_modules/firebase-functions/lib/index.js"}
[debug] [2019-11-22T15:28:26.092Z] [runtime-status] [3486] Resolved module firebase-functions {"declared":true,"installed":true,"version":"3.3.0","resolution":"/home/atomicbomber/experiment/pwa-experiment/functions/node_modules/firebase-functions/lib/index.js"}
[debug] [2019-11-22T15:28:26.129Z] [worker-~diagnostic~-6b314ad2-d210-4a08-bef2-45d5fb9e7ebe]: exited
[debug] [2019-11-22T15:28:26.129Z] [worker-~diagnostic~-6b314ad2-d210-4a08-bef2-45d5fb9e7ebe]: FINISHED
